<?xml version="1.0" encoding="UTF-8"?>
<!-- Generated by org.testng.reporters.JUnitXMLReporter -->
<testsuite hostname="DESKTOP-P57AQ83" ignored="0" name="module1" tests="13" failures="0" timestamp="2021-07-11T15:44:33 IST" time="0.209" errors="0">
  <testcase name="testcase1" time="0.014" classname="TestNG1.s_1"/>
  <testcase name="testcase2" time="0.002" classname="TestNG1.s_1"/>
  <testcase name="testcase3" time="0.006" classname="TestNG1.s_1"/>
  <testcase name="testcase4" time="0.005" classname="TestNG1.s_1"/>
  <testcase name="testcase5" time="0.003" classname="TestNG1.s_2"/>
  <testcase name="testcase6" time="0.002" classname="TestNG1.s_2"/>
  <testcase name="testcase7" time="0.002" classname="TestNG1.s_2"/>
  <testcase name="testcase10" time="0.005" classname="TestNG1.s_3"/>
  <testcase name="testcase8" time="0.011" classname="TestNG1.s_3"/>
  <testcase name="testcase9" time="0.004" classname="TestNG1.s_3"/>
  <testcase name="testcase11" time="0.006" classname="TestNG1.s_4"/>
  <testcase name="testcase12" time="0.008" classname="TestNG1.s_4"/>
  <testcase name="testcase13" time="0.002" classname="TestNG1.s_4"/>
</testsuite> <!-- module1 -->
