<?xml version="1.0" encoding="UTF-8"?>
<!-- Generated by org.testng.reporters.JUnitXMLReporter -->
<testsuite hostname="DESKTOP-P57AQ83" ignored="0" name="vivek" tests="3" failures="0" timestamp="2021-06-24T08:59:14 IST" time="0.095" errors="0">
  <testcase name="case1" time="0.006" classname="Annotations.Annotation_in_TestNG"/>
  <testcase name="case2" time="0.002" classname="Annotations.Annotation_in_TestNG"/>
  <testcase name="case3" time="0.003" classname="Annotations.AnnotationsinTestNG2"/>
</testsuite> <!-- vivek -->
