<?xml version="1.0" encoding="UTF-8"?>
<!-- Generated by org.testng.reporters.JUnitXMLReporter -->
<testsuite hostname="DESKTOP-P57AQ83" ignored="1" name="Regression" tests="2" failures="0" timestamp="2022-03-03T23:38:26 IST" time="0.097" errors="0">
  <testcase name="Thirdtest" time="0.02" classname="Test.Day2"/>
  <testcase name="fourthtest" time="0.002" classname="Test.Day2"/>
  <testcase name="FirstTest" time="0.0" classname="Test.Day1">
    <ignored/>
  </testcase> <!-- FirstTest -->
</testsuite> <!-- Regression -->
