<?xml version="1.0" encoding="UTF-8"?>
<testng-results skipped="0" failed="0" ignored="0" total="1" passed="1">
  <reporter-output>
  </reporter-output>
  <suite name="Default suite" duration-ms="102" started-at="2020-09-01T11:24:57 IST" finished-at="2020-09-01T11:24:57 IST">
    <groups>
    </groups>
    <test name="Default test" duration-ms="102" started-at="2020-09-01T11:24:57 IST" finished-at="2020-09-01T11:24:57 IST">
      <class name="learnautomation.Utility.LoginTextCRM">
        <test-method status="PASS" signature="loginApp()[pri:0, instance:learnautomation.Utility.LoginTextCRM@57855c9a]" name="loginApp" duration-ms="36" started-at="2020-09-01T11:24:57 IST" finished-at="2020-09-01T11:24:57 IST">
          <reporter-output>
          </reporter-output>
        </test-method> <!-- loginApp -->
      </class> <!-- learnautomation.Utility.LoginTextCRM -->
    </test> <!-- Default test -->
  </suite> <!-- Default suite -->
</testng-results>
