<?xml version="1.0" encoding="UTF-8"?>
<!-- Generated by org.testng.reporters.JUnitXMLReporter -->
<testsuite hostname="DESKTOP-P57AQ83" ignored="0" name="Test" tests="1" failures="1" timestamp="2021-06-27T23:04:52 IST" time="4.797" errors="0">
  <testcase name="testCase1" time="4.413" classname="Annotations.TestCaseWithScreenShot">
    <failure type="java.lang.AssertionError" message="expected [false] but found [true]">
      <![CDATA[java.lang.AssertionError: expected [false] but found [true]
at Annotations.TestCaseWithScreenShot.testCase1(TestCaseWithScreenShot.java:16)
at java.util.ArrayList.forEach(Unknown Source)
... Removed 33 stack frames]]>
    </failure>
  </testcase> <!-- testCase1 -->
</testsuite> <!-- Test -->
