<?xml version="1.0" encoding="UTF-8"?>
<!-- Generated by org.testng.reporters.JUnitXMLReporter -->
<testsuite hostname="DESKTOP-P57AQ83" ignored="3" name="module1(failed)(failed)(failed)" tests="1" failures="0" timestamp="2020-09-01T14:53:55 IST" time="0.135" errors="0">
  <testcase name="testcase1" time="0.018" classname="TestNG1.s_1"/>
  <testcase name="testcase3" time="0.0" classname="TestNG1.s_1">
    <ignored/>
  </testcase> <!-- testcase3 -->
  <testcase name="testcase2" time="0.0" classname="TestNG1.s_1">
    <ignored/>
  </testcase> <!-- testcase2 -->
  <testcase name="testcase4" time="0.0" classname="TestNG1.s_1">
    <ignored/>
  </testcase> <!-- testcase4 -->
</testsuite> <!-- module1(failed)(failed)(failed) -->
