<?xml version="1.0" encoding="UTF-8"?>
<testng-results skipped="0" failed="0" ignored="0" total="4" passed="4">
  <reporter-output>
  </reporter-output>
  <suite name="Default suite" duration-ms="3095" started-at="2021-07-11T15:47:29 IST" finished-at="2021-07-11T15:47:33 IST">
    <groups>
    </groups>
    <test name="Default test" duration-ms="3095" started-at="2021-07-11T15:47:29 IST" finished-at="2021-07-11T15:47:33 IST">
      <class name="TestNG1">
        <test-method status="PASS" signature="Test2()[pri:0, instance:TestNG1@3712b94]" name="Test2" duration-ms="3016" started-at="2021-07-11T15:47:30 IST" finished-at="2021-07-11T15:47:33 IST">
          <reporter-output>
          </reporter-output>
        </test-method> <!-- Test2 -->
        <test-method status="PASS" signature="Test3()[pri:0, instance:TestNG1@3712b94]" name="Test3" duration-ms="2" started-at="2021-07-11T15:47:33 IST" finished-at="2021-07-11T15:47:33 IST">
          <reporter-output>
          </reporter-output>
        </test-method> <!-- Test3 -->
        <test-method status="PASS" signature="test1()[pri:1, instance:TestNG1@3712b94]" name="test1" duration-ms="3" started-at="2021-07-11T15:47:33 IST" finished-at="2021-07-11T15:47:33 IST">
          <reporter-output>
          </reporter-output>
        </test-method> <!-- test1 -->
        <test-method status="PASS" signature="loginin()[pri:2, instance:TestNG1@3712b94]" name="loginin" duration-ms="2" started-at="2021-07-11T15:47:33 IST" finished-at="2021-07-11T15:47:33 IST">
          <reporter-output>
          </reporter-output>
        </test-method> <!-- loginin -->
      </class> <!-- TestNG1 -->
    </test> <!-- Default test -->
  </suite> <!-- Default suite -->
</testng-results>
